nohup: ignoring input
==> Preparing data..
Files already downloaded and verified
Files already downloaded and verified
==> Building model..

Epoch: 0
Saving..
train_loss 1.935329556465149 val_loss 1.9198744297027588 train_acc 32.835 val_acc 32.36

Epoch: 1
Saving..

Epoch: 2
Saving..

Epoch: 3
Saving..

Epoch: 4
Saving..

Epoch: 5
Saving..

Epoch: 6
Saving..

Epoch: 7
Saving..

Epoch: 8

Epoch: 9
Saving..

Epoch: 10
train_loss 1.181641936302185 val_loss 0.8801159858703613 train_acc 69.9625 val_acc 68.54

Epoch: 11
Saving..

Epoch: 12
Saving..

Epoch: 13
Saving..

Epoch: 14
Saving..

Epoch: 15
Saving..

Epoch: 16

Epoch: 17
Saving..

Epoch: 18

Epoch: 19
Saving..

Epoch: 20
train_loss 0.6427010297775269 val_loss 0.8015843033790588 train_acc 81.13 val_acc 78.29

Epoch: 21
Saving..

Epoch: 22

Epoch: 23
Saving..

Epoch: 24

Epoch: 25
Saving..

Epoch: 26

Epoch: 27
Saving..

Epoch: 28
Saving..

Epoch: 29
Saving..

Epoch: 30
train_loss 0.3178541660308838 val_loss 0.43729618191719055 train_acc 87.95 val_acc 84.12

Epoch: 31
Saving..

Epoch: 32

Epoch: 33

Epoch: 34
Saving..

Epoch: 35

Epoch: 36
Saving..

Epoch: 37
Saving..

Epoch: 38

Epoch: 39

Epoch: 40
Saving..
train_loss 0.44959548115730286 val_loss 0.4725850224494934 train_acc 92.645 val_acc 87.29

Epoch: 41

Epoch: 42

Epoch: 43

Epoch: 44
Saving..

Epoch: 45

Epoch: 46
Saving..

Epoch: 47

Epoch: 48
Saving..

Epoch: 49

Epoch: 50
train_loss 0.3405047357082367 val_loss 0.38816720247268677 train_acc 94.1025 val_acc 87.94

Epoch: 51

Epoch: 52
Saving..

Epoch: 53

Epoch: 54

Epoch: 55

Epoch: 56

Epoch: 57

Epoch: 58

Epoch: 59

Epoch: 60
train_loss 0.34976157546043396 val_loss 0.33286726474761963 train_acc 95.38 val_acc 88.8

Epoch: 61

Epoch: 62
Saving..

Epoch: 63
Saving..

Epoch: 64
Saving..

Epoch: 65

Epoch: 66
Saving..

Epoch: 67
Saving..

Epoch: 68

Epoch: 69

Epoch: 70
train_loss 0.36106228828430176 val_loss 0.5501341223716736 train_acc 97.125 val_acc 89.95

Epoch: 71

Epoch: 72

Epoch: 73
Saving..

Epoch: 74

Epoch: 75

Epoch: 76

Epoch: 77

Epoch: 78

Epoch: 79

Epoch: 80
Saving..
train_loss 0.23994779586791992 val_loss 0.7712987661361694 train_acc 98.77 val_acc 91.45

Epoch: 81

Epoch: 82

Epoch: 83

Epoch: 84

Epoch: 85

Epoch: 86

Epoch: 87

Epoch: 88
Saving..

Epoch: 89
Saving..

Epoch: 90
train_loss 0.20126354694366455 val_loss 0.4668642282485962 train_acc 99.045 val_acc 91.4

Epoch: 91

Epoch: 92
Saving..

Epoch: 93

Epoch: 94

Epoch: 95

Epoch: 96
Saving..

Epoch: 97

Epoch: 98

Epoch: 99

Epoch: 100
Saving..
train_loss 0.1545264571905136 val_loss 0.3018854856491089 train_acc 99.355 val_acc 91.64

Epoch: 101
Saving..

Epoch: 102

Epoch: 103

Epoch: 104

Epoch: 105

Epoch: 106

Epoch: 107

Epoch: 108

Epoch: 109

Epoch: 110
train_loss 0.22312408685684204 val_loss 0.45567068457603455 train_acc 99.2675 val_acc 91.84

Epoch: 111

Epoch: 112

Epoch: 113

Epoch: 114

Epoch: 115

Epoch: 116
Saving..

Epoch: 117

Epoch: 118

Epoch: 119

Epoch: 120
Saving..
train_loss 0.15823866426944733 val_loss 0.29992595314979553 train_acc 99.56 val_acc 92.29

Epoch: 121

Epoch: 122
Saving..

Epoch: 123

Epoch: 124

Epoch: 125

Epoch: 126

Epoch: 127

Epoch: 128

Epoch: 129

Epoch: 130
train_loss 0.17593318223953247 val_loss 0.26499873399734497 train_acc 99.77 val_acc 92.83

Epoch: 131

Epoch: 132

Epoch: 133

Epoch: 134

Epoch: 135

Epoch: 136

Epoch: 137
Saving..

Epoch: 138

Epoch: 139

Epoch: 140
train_loss 0.17983323335647583 val_loss 0.5815543532371521 train_acc 99.8 val_acc 92.53

Epoch: 141

Epoch: 142

Epoch: 143

Epoch: 144

Epoch: 145

Epoch: 146
Saving..

Epoch: 147

Epoch: 148

Epoch: 149

Epoch: 150
train_loss 0.17559775710105896 val_loss 0.25681278109550476 train_acc 99.82 val_acc 92.92

Epoch: 151

Epoch: 152

Epoch: 153

Epoch: 154

Epoch: 155
Saving..

Epoch: 156

Epoch: 157

Epoch: 158

Epoch: 159
Saving..

Epoch: 160
train_loss 0.15553629398345947 val_loss 0.47480159997940063 train_acc 99.9325 val_acc 93.08

Epoch: 161
Saving..

Epoch: 162

Epoch: 163

Epoch: 164

Epoch: 165

Epoch: 166

Epoch: 167

Epoch: 168

Epoch: 169

Epoch: 170
train_loss 0.1498594731092453 val_loss 0.13771291077136993 train_acc 99.9275 val_acc 93.09

Epoch: 171
Saving..

Epoch: 172

Epoch: 173

Epoch: 174

Epoch: 175

Epoch: 176

Epoch: 177

Epoch: 178

Epoch: 179

Epoch: 180
train_loss 0.12074733525514603 val_loss 0.2682797908782959 train_acc 99.955 val_acc 93.52

Epoch: 181

Epoch: 182

Epoch: 183

Epoch: 184

Epoch: 185

Epoch: 186

Epoch: 187

Epoch: 188

Epoch: 189

Epoch: 190
train_loss 0.14708049595355988 val_loss 0.4369976818561554 train_acc 99.9475 val_acc 93.13

Epoch: 191

Epoch: 192

Epoch: 193

Epoch: 194

Epoch: 195

Epoch: 196

Epoch: 197

Epoch: 198

Epoch: 199
