nohup: ignoring input
==> Preparing data..
Files already downloaded and verified
Files already downloaded and verified
==> Building model..

Epoch: 0
Saving..
train_loss 1.8942091464996338 val_loss 1.9483047723770142 train_acc 37.0075 val_acc 36.69

Epoch: 1
Saving..

Epoch: 2
Saving..

Epoch: 3
Saving..

Epoch: 4
Saving..

Epoch: 5
Saving..

Epoch: 6
Saving..

Epoch: 7
Saving..

Epoch: 8
Saving..

Epoch: 9

Epoch: 10
Saving..
train_loss 0.692552924156189 val_loss 0.30278828740119934 train_acc 84.9625 val_acc 81.45

Epoch: 11
Saving..

Epoch: 12
Saving..

Epoch: 13
Saving..

Epoch: 14
Saving..

Epoch: 15
Saving..

Epoch: 16
Saving..

Epoch: 17
Saving..

Epoch: 18

Epoch: 19
Saving..

Epoch: 20
train_loss 0.3542024493217468 val_loss 0.9148568511009216 train_acc 90.71 val_acc 85.93

Epoch: 21
Saving..

Epoch: 22
Saving..

Epoch: 23

Epoch: 24

Epoch: 25
Saving..

Epoch: 26

Epoch: 27

Epoch: 28
Saving..

Epoch: 29

Epoch: 30
Saving..
train_loss 0.10997679084539413 val_loss 0.34668487310409546 train_acc 96.3525 val_acc 89.61

Epoch: 31

Epoch: 32

Epoch: 33
Saving..

Epoch: 34

Epoch: 35

Epoch: 36

Epoch: 37
Saving..

Epoch: 38

Epoch: 39
Saving..

Epoch: 40
Saving..
train_loss 0.07071959227323532 val_loss 0.6515907049179077 train_acc 98.16 val_acc 89.94

Epoch: 41
Saving..

Epoch: 42
Saving..

Epoch: 43
Saving..

Epoch: 44

Epoch: 45

Epoch: 46

Epoch: 47
Saving..

Epoch: 48

Epoch: 49

Epoch: 50
Saving..
train_loss 0.027295593172311783 val_loss 0.45426657795906067 train_acc 99.09 val_acc 91.07

Epoch: 51

Epoch: 52

Epoch: 53

Epoch: 54

Epoch: 55

Epoch: 56

Epoch: 57

Epoch: 58

Epoch: 59
Saving..

Epoch: 60
train_loss 0.014036827720701694 val_loss 0.03729626536369324 train_acc 99.2775 val_acc 91.16

Epoch: 61

Epoch: 62

Epoch: 63
Saving..

Epoch: 64

Epoch: 65

Epoch: 66
Saving..

Epoch: 67

Epoch: 68
Saving..

Epoch: 69

Epoch: 70
train_loss 0.005741722881793976 val_loss 0.31009727716445923 train_acc 99.775 val_acc 91.94

Epoch: 71

Epoch: 72

Epoch: 73

Epoch: 74

Epoch: 75

Epoch: 76

Epoch: 77
Saving..

Epoch: 78

Epoch: 79
Saving..

Epoch: 80
train_loss 0.00802906695753336 val_loss 0.5857717394828796 train_acc 99.895 val_acc 92.25

Epoch: 81

Epoch: 82

Epoch: 83
Saving..

Epoch: 84

Epoch: 85

Epoch: 86

Epoch: 87

Epoch: 88
Saving..

Epoch: 89

Epoch: 90
train_loss 0.009977045468986034 val_loss 0.15235014259815216 train_acc 99.945 val_acc 92.34

Epoch: 91

Epoch: 92
Saving..

Epoch: 93
Saving..

Epoch: 94

Epoch: 95
Saving..

Epoch: 96

Epoch: 97

Epoch: 98
Saving..

Epoch: 99

Epoch: 100
train_loss 0.009378306567668915 val_loss 0.1279471069574356 train_acc 99.92 val_acc 92.55

Epoch: 101

Epoch: 102

Epoch: 103
Saving..

Epoch: 104
Saving..

Epoch: 105

Epoch: 106

Epoch: 107

Epoch: 108

Epoch: 109

Epoch: 110
train_loss 0.009772930294275284 val_loss 0.6534422636032104 train_acc 99.965 val_acc 92.84

Epoch: 111

Epoch: 112

Epoch: 113

Epoch: 114

Epoch: 115

Epoch: 116

Epoch: 117

Epoch: 118

Epoch: 119

Epoch: 120
Saving..
train_loss 0.005516048055142164 val_loss 0.014918611384928226 train_acc 99.9925 val_acc 92.99

Epoch: 121

Epoch: 122
Saving..

Epoch: 123

Epoch: 124

Epoch: 125
Saving..

Epoch: 126
Saving..

Epoch: 127

Epoch: 128

Epoch: 129

Epoch: 130
train_loss 0.0054943677969276905 val_loss 0.25720784068107605 train_acc 99.99 val_acc 92.74

Epoch: 131

Epoch: 132
Saving..

Epoch: 133

Epoch: 134

Epoch: 135

Epoch: 136

Epoch: 137

Epoch: 138
Saving..

Epoch: 139

Epoch: 140
train_loss 0.0013640483375638723 val_loss 0.5104542970657349 train_acc 100.0 val_acc 93.11

Epoch: 141

Epoch: 142
Saving..

Epoch: 143

Epoch: 144

Epoch: 145

Epoch: 146

Epoch: 147

Epoch: 148
Saving..

Epoch: 149

Epoch: 150
train_loss 0.003861977020278573 val_loss 0.10428497940301895 train_acc 99.9975 val_acc 93.13

Epoch: 151
Saving..

Epoch: 152
Saving..

Epoch: 153
Saving..

Epoch: 154
Saving..

Epoch: 155

Epoch: 156
Saving..

Epoch: 157

Epoch: 158

Epoch: 159

Epoch: 160
train_loss 0.002137038391083479 val_loss 0.4161592721939087 train_acc 99.995 val_acc 93.32

Epoch: 161

Epoch: 162

Epoch: 163

Epoch: 164
Saving..

Epoch: 165

Epoch: 166

Epoch: 167

Epoch: 168

Epoch: 169

Epoch: 170
train_loss 0.0021334965713322163 val_loss 0.008871549740433693 train_acc 99.9975 val_acc 93.44

Epoch: 171

Epoch: 172

Epoch: 173

Epoch: 174

Epoch: 175

Epoch: 176

Epoch: 177

Epoch: 178

Epoch: 179

Epoch: 180
train_loss 0.010763484984636307 val_loss 0.280891090631485 train_acc 100.0 val_acc 93.31

Epoch: 181

Epoch: 182

Epoch: 183

Epoch: 184

Epoch: 185
Saving..

Epoch: 186

Epoch: 187
Saving..

Epoch: 188

Epoch: 189

Epoch: 190
train_loss 0.00337938591837883 val_loss 0.5277677178382874 train_acc 99.9925 val_acc 93.35

Epoch: 191

Epoch: 192

Epoch: 193

Epoch: 194

Epoch: 195
Saving..

Epoch: 196

Epoch: 197

Epoch: 198

Epoch: 199
