nohup: ignoring input
==> Preparing data..
Files already downloaded and verified
Files already downloaded and verified
==> Building model..

Epoch: 0
Saving..
train_loss 1.5758397579193115 val_loss 1.7109020948410034 train_acc 40.31 val_acc 40.05

Epoch: 1
Saving..

Epoch: 2
Saving..

Epoch: 3
Saving..

Epoch: 4

Epoch: 5

Epoch: 6
Saving..

Epoch: 7
Saving..

Epoch: 8

Epoch: 9

Epoch: 10
Saving..
train_loss 0.5709596872329712 val_loss 0.7619863152503967 train_acc 77.505 val_acc 74.94

Epoch: 11
Saving..

Epoch: 12

Epoch: 13

Epoch: 14

Epoch: 15

Epoch: 16

Epoch: 17

Epoch: 18

Epoch: 19

Epoch: 20
train_loss 0.6247782707214355 val_loss 0.24857795238494873 train_acc 77.21 val_acc 75.37

Epoch: 21

Epoch: 22

Epoch: 23
Saving..

Epoch: 24

Epoch: 25

Epoch: 26

Epoch: 27

Epoch: 28

Epoch: 29

Epoch: 30
train_loss 1.0440202951431274 val_loss 0.9824897050857544 train_acc 65.49 val_acc 63.72

Epoch: 31

Epoch: 32

Epoch: 33

Epoch: 34

Epoch: 35

Epoch: 36

Epoch: 37
Saving..

Epoch: 38

Epoch: 39

Epoch: 40
train_loss 0.918717622756958 val_loss 0.5150744915008545 train_acc 75.365 val_acc 73.81

Epoch: 41

Epoch: 42

Epoch: 43

Epoch: 44

Epoch: 45

Epoch: 46

Epoch: 47

Epoch: 48

Epoch: 49

Epoch: 50
train_loss 0.497724711894989 val_loss 0.5422053933143616 train_acc 83.115 val_acc 80.82

Epoch: 51

Epoch: 52

Epoch: 53

Epoch: 54

Epoch: 55

Epoch: 56

Epoch: 57

Epoch: 58

Epoch: 59

Epoch: 60
Saving..
train_loss 0.4842672646045685 val_loss 1.2996429204940796 train_acc 84.735 val_acc 82.38

Epoch: 61

Epoch: 62

Epoch: 63

Epoch: 64

Epoch: 65

Epoch: 66

Epoch: 67

Epoch: 68
Saving..

Epoch: 69

Epoch: 70
train_loss 0.5925939679145813 val_loss 0.6870436668395996 train_acc 79.345 val_acc 77.35

Epoch: 71

Epoch: 72

Epoch: 73

Epoch: 74

Epoch: 75

Epoch: 76

Epoch: 77

Epoch: 78

Epoch: 79

Epoch: 80
train_loss 0.4617379903793335 val_loss 0.4889960289001465 train_acc 80.845 val_acc 78.35

Epoch: 81

Epoch: 82

Epoch: 83

Epoch: 84

Epoch: 85

Epoch: 86
Saving..

Epoch: 87
Saving..

Epoch: 88

Epoch: 89

Epoch: 90
train_loss 0.3711220622062683 val_loss 0.7961620092391968 train_acc 79.5975 val_acc 76.7

Epoch: 91

Epoch: 92

Epoch: 93

Epoch: 94

Epoch: 95

Epoch: 96

Epoch: 97

Epoch: 98
Saving..

Epoch: 99

Epoch: 100
train_loss 0.3284752368927002 val_loss 0.360690176486969 train_acc 84.8075 val_acc 81.62

Epoch: 101

Epoch: 102
Saving..

Epoch: 103

Epoch: 104

Epoch: 105

Epoch: 106

Epoch: 107

Epoch: 108

Epoch: 109

Epoch: 110
train_loss 0.26116207242012024 val_loss 0.14218196272850037 train_acc 90.6925 val_acc 86.36

Epoch: 111

Epoch: 112

Epoch: 113

Epoch: 114

Epoch: 115

Epoch: 116

Epoch: 117
Saving..

Epoch: 118

Epoch: 119
Saving..

Epoch: 120
train_loss 0.23012077808380127 val_loss 0.18898387253284454 train_acc 91.07 val_acc 86.57

Epoch: 121

Epoch: 122

Epoch: 123

Epoch: 124

Epoch: 125

Epoch: 126

Epoch: 127

Epoch: 128
Saving..

Epoch: 129
Saving..

Epoch: 130
train_loss 0.209763303399086 val_loss 0.09684597700834274 train_acc 93.0025 val_acc 88.44

Epoch: 131

Epoch: 132

Epoch: 133

Epoch: 134

Epoch: 135
Saving..

Epoch: 136
Saving..

Epoch: 137

Epoch: 138

Epoch: 139

Epoch: 140
train_loss 0.037106238305568695 val_loss 0.03216378390789032 train_acc 95.115 val_acc 89.52

Epoch: 141

Epoch: 142

Epoch: 143

Epoch: 144

Epoch: 145

Epoch: 146

Epoch: 147

Epoch: 148
Saving..

Epoch: 149
Saving..

Epoch: 150
train_loss 0.19258666038513184 val_loss 0.17136907577514648 train_acc 94.4925 val_acc 89.02

Epoch: 151
Saving..

Epoch: 152

Epoch: 153

Epoch: 154
Saving..

Epoch: 155

Epoch: 156
Saving..

Epoch: 157

Epoch: 158

Epoch: 159

Epoch: 160
train_loss 0.013057012110948563 val_loss 0.47178831696510315 train_acc 98.04 val_acc 91.27

Epoch: 161

Epoch: 162
Saving..

Epoch: 163

Epoch: 164

Epoch: 165

Epoch: 166
Saving..

Epoch: 167

Epoch: 168

Epoch: 169
Saving..

Epoch: 170
train_loss 0.008652301505208015 val_loss 0.13767436146736145 train_acc 99.61 val_acc 92.67

Epoch: 171
Saving..

Epoch: 172

Epoch: 173
Saving..

Epoch: 174

Epoch: 175
Saving..

Epoch: 176
Saving..

Epoch: 177

Epoch: 178

Epoch: 179
Saving..

Epoch: 180
Saving..
train_loss 0.0020843995735049248 val_loss 0.4223445653915405 train_acc 99.9925 val_acc 94.39

Epoch: 181
Saving..

Epoch: 182
Saving..

Epoch: 183

Epoch: 184
Saving..

Epoch: 185

Epoch: 186

Epoch: 187

Epoch: 188

Epoch: 189
Saving..

Epoch: 190
train_loss 0.0020634073298424482 val_loss 0.532172441482544 train_acc 99.99 val_acc 94.41

Epoch: 191

Epoch: 192

Epoch: 193

Epoch: 194

Epoch: 195

Epoch: 196

Epoch: 197
Saving..

Epoch: 198

Epoch: 199
